This file contains any messages produced by compilers while
running configure, to aid debugging if configure makes a mistake.

It was created by Google C++ Mocking and Testing Frameworks configure 1.9.0, which was
generated by GNU Autoconf 2.69.  Invocation command line was

  $ ./configure --disable-option-checking --prefix=/usr/local --cache-file=/dev/null --srcdir=.

## --------- ##
## Platform. ##
## --------- ##

hostname = BUTCHER
uname -m = x86_64
uname -r = 5.4.72-microsoft-standard-WSL2
uname -s = Linux
uname -v = #1 SMP Wed Oct 28 23:40:43 UTC 2020

/usr/bin/uname -p = x86_64
/bin/uname -X     = unknown

/bin/arch              = x86_64
/usr/bin/arch -k       = unknown
/usr/convex/getsysinfo = unknown
/usr/bin/hostinfo      = unknown
/bin/machine           = unknown
/usr/bin/oslevel       = unknown
/bin/universe          = unknown

PATH: /home/chen/miniconda3/bin
PATH: /home/chen/miniconda3/condabin
PATH: /usr/local/sbin
PATH: /usr/local/bin
PATH: /usr/sbin
PATH: /usr/bin
PATH: /sbin
PATH: /bin
PATH: /usr/games
PATH: /usr/local/games
PATH: /mnt/c/Program Files (x86)/Common Files/Intel/Shared Libraries/redist/intel64_win/compiler
PATH: /mnt/c/Program Files/NVIDIA GPU Computing Toolkit/CUDA/v11.4/bin
PATH: /mnt/c/Program Files/NVIDIA GPU Computing Toolkit/CUDA/v11.4/libnvvp
PATH: /mnt/c/program files (x86)/common files/intel/shared libraries/redist/intel64/compiler
PATH: /mnt/c/windows/system32
PATH: /mnt/c/windows
PATH: /mnt/c/windows/system32/wbem
PATH: /mnt/c/windows/system32/windowspowershell/v1.0
PATH: /mnt/c/windows/system32/openssh
PATH: /mnt/c/program files/nvidia corporation/nvidia nvdlisr
PATH: /mnt/c/program files/microsoft sql server/130/tools/binn
PATH: /mnt/c/program files/microsoft sql server/client sdk/odbc/170/tools/binn
PATH: /mnt/c/program files (x86)/windows kits/10/windows performance toolkit
PATH: /mnt/c/program files (x86)/windows kits/10/microsoft application virtualization/sequencer
PATH: /mnt/c/program files/docker/docker/resources/bin
PATH: /mnt/c/programdata/dockerdesktop/version-bin
PATH: /mnt/c/Program Files (x86)/NVIDIA Corporation/PhysX/Common
PATH: /mnt/c/Program Files/NVIDIA Corporation/Nsight Compute 2021.2.0
PATH: /mnt/c/Program Files/CMake/bin
PATH: /mnt/c/Users/Chen/AppData/Local/Programs/Python/Python36
PATH: /mnt/c/Users/Chen/AppData/Local/Programs/Python/Python36/Scripts
PATH: /mnt/c/Program Files (x86)/GnuWin32/bin
PATH: /mnt/c/Python27
PATH: /mnt/c/Python27/Scripts
PATH: /mnt/c/Program Files/Wolfram Research/WolframScript
PATH: /mnt/c/Program Files/dotnet
PATH: /mnt/c/Users/Chen/AppData/Local/Programs/Python/Python36/Scripts
PATH: /mnt/c/Users/Chen/AppData/Local/Programs/Python/Python36
PATH: /mnt/c/Users/Chen/AppData/Local/Programs/Python/Python39/Scripts
PATH: /mnt/c/Users/Chen/AppData/Local/Programs/Python/Python39
PATH: /mnt/g/Apps/x64/anaconda3/envs/opencv
PATH: /mnt/g/Apps/x64/anaconda3/envs/opencv/Library/mingw-w64/bin
PATH: /mnt/g/Apps/x64/anaconda3/envs/opencv/Library/usr/bin
PATH: /mnt/g/Apps/x64/anaconda3/envs/opencv/Library/bin
PATH: /mnt/g/Apps/x64/anaconda3/envs/opencv/Scripts
PATH: /mnt/g/Apps/x64/anaconda3/envs/opencv/bin
PATH: /mnt/g/Apps/x64/anaconda3/condabin
PATH: /mnt/c/program files/nvidia gpu computing toolkit/cuda/v10.0/bin
PATH: /mnt/c/program files/nvidia gpu computing toolkit/cuda/v10.0/libnvvp
PATH: /mnt/c/program files/nvidia gpu computing toolkit/cuda/v11.0/bin
PATH: /mnt/c/program files/nvidia gpu computing toolkit/cuda/v11.0/libnvvp
PATH: /snap/bin


## ----------- ##
## Core tests. ##
## ----------- ##

configure:1774: checking for a BSD-compatible install
configure:1842: result: /usr/bin/install -c
configure:1853: checking whether build environment is sane
configure:1908: result: yes
configure:2057: checking for a thread-safe mkdir -p
configure:2096: result: /usr/bin/mkdir -p
configure:2103: checking for gawk
configure:2119: found /usr/bin/gawk
configure:2130: result: gawk
configure:2141: checking whether make sets $(MAKE)
configure:2163: result: yes
configure:2192: checking whether make supports nested variables
configure:2209: result: yes
configure:2474: checking that generated files are newer than configure
configure:2480: result: done
configure:2488: creating ./config.status

## ---------------------- ##
## Running config.status. ##
## ---------------------- ##

This file was extended by Google C++ Mocking and Testing Frameworks config.status 1.9.0, which was
generated by GNU Autoconf 2.69.  Invocation command line was

  CONFIG_FILES    = 
  CONFIG_HEADERS  = 
  CONFIG_LINKS    = 
  CONFIG_COMMANDS = 
  $ ./config.status 

on BUTCHER

config.status:741: creating Makefile
configure:3573: === configuring in googletest (/mnt/i/Development/Repos/protobuf/third_party/googletest/googletest)
configure:3636: running /bin/bash ./configure --disable-option-checking '--prefix=/usr/local'  --cache-file=/dev/null --srcdir=.
configure:3573: === configuring in googlemock (/mnt/i/Development/Repos/protobuf/third_party/googletest/googlemock)
configure:3636: running /bin/bash ./configure --disable-option-checking '--prefix=/usr/local'  --cache-file=/dev/null --srcdir=.

## ---------------- ##
## Cache variables. ##
## ---------------- ##

ac_cv_env_build_alias_set=
ac_cv_env_build_alias_value=
ac_cv_env_host_alias_set=
ac_cv_env_host_alias_value=
ac_cv_env_target_alias_set=
ac_cv_env_target_alias_value=
ac_cv_path_install='/usr/bin/install -c'
ac_cv_path_mkdir=/usr/bin/mkdir
ac_cv_prog_AWK=gawk
ac_cv_prog_make_make_set=yes
am_cv_make_support_nested_variables=yes

## ----------------- ##
## Output variables. ##
## ----------------- ##

ACLOCAL='${SHELL} /mnt/i/Development/Repos/protobuf/third_party/googletest/build-aux/missing aclocal-1.16'
AMTAR='$${TAR-tar}'
AM_BACKSLASH='\'
AM_DEFAULT_V='$(AM_DEFAULT_VERBOSITY)'
AM_DEFAULT_VERBOSITY='1'
AM_V='$(V)'
AUTOCONF='${SHELL} /mnt/i/Development/Repos/protobuf/third_party/googletest/build-aux/missing autoconf'
AUTOHEADER='${SHELL} /mnt/i/Development/Repos/protobuf/third_party/googletest/build-aux/missing autoheader'
AUTOMAKE='${SHELL} /mnt/i/Development/Repos/protobuf/third_party/googletest/build-aux/missing automake-1.16'
AWK='gawk'
CYGPATH_W='echo'
DEFS='-DPACKAGE_NAME=\"Google\ C++\ Mocking\ and\ Testing\ Frameworks\" -DPACKAGE_TARNAME=\"googletest\" -DPACKAGE_VERSION=\"1.9.0\" -DPACKAGE_STRING=\"Google\ C++\ Mocking\ and\ Testing\ Frameworks\ 1.9.0\" -DPACKAGE_BUGREPORT=\"googlemock@googlegroups.com\" -DPACKAGE_URL=\"\" -DPACKAGE=\"googletest\" -DVERSION=\"1.9.0\"'
ECHO_C=''
ECHO_N='-n'
ECHO_T=''
INSTALL_DATA='${INSTALL} -m 644'
INSTALL_PROGRAM='${INSTALL}'
INSTALL_SCRIPT='${INSTALL}'
INSTALL_STRIP_PROGRAM='$(install_sh) -c -s'
LIBOBJS=''
LIBS=''
LTLIBOBJS=''
MAKEINFO='${SHELL} /mnt/i/Development/Repos/protobuf/third_party/googletest/build-aux/missing makeinfo'
MKDIR_P='/usr/bin/mkdir -p'
PACKAGE='googletest'
PACKAGE_BUGREPORT='googlemock@googlegroups.com'
PACKAGE_NAME='Google C++ Mocking and Testing Frameworks'
PACKAGE_STRING='Google C++ Mocking and Testing Frameworks 1.9.0'
PACKAGE_TARNAME='googletest'
PACKAGE_URL=''
PACKAGE_VERSION='1.9.0'
PATH_SEPARATOR=':'
SET_MAKE=''
SHELL='/bin/bash'
STRIP=''
VERSION='1.9.0'
am__isrc=''
am__leading_dot='.'
am__tar='$${TAR-tar} chof - "$$tardir"'
am__untar='$${TAR-tar} xf -'
bindir='${exec_prefix}/bin'
build_alias=''
datadir='${datarootdir}'
datarootdir='${prefix}/share'
docdir='${datarootdir}/doc/${PACKAGE_TARNAME}'
dvidir='${docdir}'
exec_prefix='${prefix}'
host_alias=''
htmldir='${docdir}'
includedir='${prefix}/include'
infodir='${datarootdir}/info'
install_sh='${SHELL} /mnt/i/Development/Repos/protobuf/third_party/googletest/build-aux/install-sh'
libdir='${exec_prefix}/lib'
libexecdir='${exec_prefix}/libexec'
localedir='${datarootdir}/locale'
localstatedir='${prefix}/var'
mandir='${datarootdir}/man'
mkdir_p='$(MKDIR_P)'
oldincludedir='/usr/include'
pdfdir='${docdir}'
prefix='/usr/local'
program_transform_name='s,x,x,'
psdir='${docdir}'
runstatedir='${localstatedir}/run'
sbindir='${exec_prefix}/sbin'
sharedstatedir='${prefix}/com'
subdirs=' googletest googlemock'
sysconfdir='${prefix}/etc'
target_alias=''

## ----------- ##
## confdefs.h. ##
## ----------- ##

/* confdefs.h */
#define PACKAGE_NAME "Google C++ Mocking and Testing Frameworks"
#define PACKAGE_TARNAME "googletest"
#define PACKAGE_VERSION "1.9.0"
#define PACKAGE_STRING "Google C++ Mocking and Testing Frameworks 1.9.0"
#define PACKAGE_BUGREPORT "googlemock@googlegroups.com"
#define PACKAGE_URL ""
#define PACKAGE "googletest"
#define VERSION "1.9.0"

configure: exit 0
